sagemaker.config INFO - Not applying SDK defaults from location: /etc/xdg/sagemaker/config.yaml
sagemaker.config INFO - Not applying SDK defaults from location: /home/sagemaker-user/.config/sagemaker/config.yaml
sagemaker.config INFO - Not applying SDK defaults from location: /etc/xdg/sagemaker/config.yaml
sagemaker.config INFO - Not applying SDK defaults from location: /home/sagemaker-user/.config/sagemaker/config.yaml
Traceback (most recent call last):
  File "/opt/conda/lib/python3.9/site-packages/sagemaker/session.py", line 686, in general_bucket_check_if_user_has_permission
    s3.meta.client.head_bucket(Bucket=bucket_name)
  File "/opt/conda/lib/python3.9/site-packages/botocore/client.py", line 565, in _api_call
    return self._make_api_call(operation_name, kwargs)
  File "/opt/conda/lib/python3.9/site-packages/botocore/client.py", line 1021, in _make_api_call
    raise error_class(parsed_response, operation_name)
botocore.exceptions.ClientError: An error occurred (404) when calling the HeadBucket operation: Not Found

During handling of the above exception, another exception occurred:

Traceback (most recent call last):
  File "/opt/conda/bin/sm-docker", line 8, in <module>
    sys.exit(main())
  File "/opt/conda/lib/python3.9/site-packages/sagemaker_studio_image_build/cli.py", line 133, in main
    args.func(args, unknown)
  File "/opt/conda/lib/python3.9/site-packages/sagemaker_studio_image_build/cli.py", line 73, in build_image
    builder.build_image(
  File "/opt/conda/lib/python3.9/site-packages/sagemaker_studio_image_build/builder.py", line 68, in build_image
    bucket, key = upload_zip_file(repository, bucket, " ".join(extra_args))
  File "/opt/conda/lib/python3.9/site-packages/sagemaker_studio_image_build/builder.py", line 27, in upload_zip_file
    bucket = session.Session().default_bucket()
  File "/opt/conda/lib/python3.9/site-packages/sagemaker/session.py", line 602, in default_bucket
    self._create_s3_bucket_if_it_does_not_exist(
  File "/opt/conda/lib/python3.9/site-packages/sagemaker/session.py", line 634, in _create_s3_bucket_if_it_does_not_exist
    self.general_bucket_check_if_user_has_permission(bucket_name, s3, bucket, region, True)
  File "/opt/conda/lib/python3.9/site-packages/sagemaker/session.py", line 693, in general_bucket_check_if_user_has_permission
    self.create_bucket_for_not_exist_error(bucket_name, region, s3)
  File "/opt/conda/lib/python3.9/site-packages/sagemaker/session.py", line 719, in create_bucket_for_not_exist_error
    s3.create_bucket(
  File "/opt/conda/lib/python3.9/site-packages/boto3/resources/factory.py", line 581, in do_action
    response = action(self, *args, **kwargs)
  File "/opt/conda/lib/python3.9/site-packages/boto3/resources/action.py", line 88, in __call__
    response = getattr(parent.meta.client, operation_name)(*args, **params)
  File "/opt/conda/lib/python3.9/site-packages/botocore/client.py", line 565, in _api_call
    return self._make_api_call(operation_name, kwargs)
  File "/opt/conda/lib/python3.9/site-packages/botocore/client.py", line 1021, in _make_api_call
    raise error_class(parsed_response, operation_name)
botocore.errorfactory.BucketAlreadyOwnedByYou: An error occurred (BucketAlreadyOwnedByYou) when calling the CreateBucket operation: Your previous request to create the named bucket succeeded and you already own it.
Created ECR repository sagemaker-studio-alphafold
...........[Container] 2024/06/19 07:13:24.372478 Running on CodeBuild On-demand

[Container] 2024/06/19 07:13:24.372496 Waiting for agent ping
[Container] 2024/06/19 07:13:25.577326 Waiting for DOWNLOAD_SOURCE
[Container] 2024/06/19 07:13:26.476945 Phase is DOWNLOAD_SOURCE
[Container] 2024/06/19 07:13:26.482054 CODEBUILD_SRC_DIR=/codebuild/output/src1092099300/src
[Container] 2024/06/19 07:13:26.483094 YAML location is /codebuild/output/src1092099300/src/buildspec.yml
[Container] 2024/06/19 07:13:26.484730 Setting HTTP client timeout to higher timeout for S3 source
[Container] 2024/06/19 07:13:26.484816 Processing environment variables
[Container] 2024/06/19 07:13:26.528797 No runtime version selected in buildspec.
[Container] 2024/06/19 07:13:26.543715 Moving to directory /codebuild/output/src1092099300/src
[Container] 2024/06/19 07:13:26.545110 Unable to initialize cache download: no paths specified to be cached
[Container] 2024/06/19 07:13:26.545948 Configuring ssm agent with target id: codebuild:9ef8fd44-63c5-4f05-914d-5d2b39c76378
[Container] 2024/06/19 07:13:26.546173 Successfully updated ssm agent configuration
[Container] 2024/06/19 07:13:26.546381 Registering with agent
[Container] 2024/06/19 07:13:26.581301 Phases found in YAML: 3
[Container] 2024/06/19 07:13:26.581316  PRE_BUILD: 9 commands
[Container] 2024/06/19 07:13:26.581320  BUILD: 4 commands
[Container] 2024/06/19 07:13:26.581324  POST_BUILD: 3 commands
[Container] 2024/06/19 07:13:26.581546 Phase complete: DOWNLOAD_SOURCE State: SUCCEEDED
[Container] 2024/06/19 07:13:26.581557 Phase context status code:  Message:
[Container] 2024/06/19 07:13:26.647624 Entering phase INSTALL
[Container] 2024/06/19 07:13:26.652086 Phase complete: INSTALL State: SUCCEEDED
[Container] 2024/06/19 07:13:26.652103 Phase context status code:  Message:
[Container] 2024/06/19 07:13:26.683537 Entering phase PRE_BUILD
[Container] 2024/06/19 07:13:26.683933 Running command echo Logging in to Amazon ECR...
Logging in to Amazon ECR...

[Container] 2024/06/19 07:13:26.688275 Running command $(aws ecr get-login --no-include-email --region $AWS_DEFAULT_REGION)
WARNING! Using --password via the CLI is insecure. Use --password-stdin.
WARNING! Your password will be stored unencrypted in /root/.docker/config.json.
Configure a credential helper to remove this warning. See
https://docs.docker.com/engine/reference/commandline/login/#credentials-store

Login Succeeded

[Container] 2024/06/19 07:13:28.105252 Running command $(aws ecr get-login --no-include-email --region $AWS_DEFAULT_REGION --registry-ids 763104351884)
WARNING! Using --password via the CLI is insecure. Use --password-stdin.
WARNING! Your password will be stored unencrypted in /root/.docker/config.json.
Configure a credential helper to remove this warning. See
https://docs.docker.com/engine/reference/commandline/login/#credentials-store

Login Succeeded

[Container] 2024/06/19 07:13:28.665663 Running command $(aws ecr get-login --no-include-email --region $AWS_DEFAULT_REGION --registry-ids 217643126080)
WARNING! Using --password via the CLI is insecure. Use --password-stdin.
WARNING! Your password will be stored unencrypted in /root/.docker/config.json.
Configure a credential helper to remove this warning. See
https://docs.docker.com/engine/reference/commandline/login/#credentials-store

Login Succeeded

[Container] 2024/06/19 07:13:29.212802 Running command $(aws ecr get-login --no-include-email --region $AWS_DEFAULT_REGION --registry-ids 727897471807)
WARNING! Using --password via the CLI is insecure. Use --password-stdin.
WARNING! Your password will be stored unencrypted in /root/.docker/config.json.
Configure a credential helper to remove this warning. See
https://docs.docker.com/engine/reference/commandline/login/#credentials-store

Login Succeeded

[Container] 2024/06/19 07:13:29.775611 Running command $(aws ecr get-login --no-include-email --region $AWS_DEFAULT_REGION --registry-ids 626614931356)
WARNING! Using --password via the CLI is insecure. Use --password-stdin.
WARNING! Your password will be stored unencrypted in /root/.docker/config.json.
Configure a credential helper to remove this warning. See
https://docs.docker.com/engine/reference/commandline/login/#credentials-store

Login Succeeded

[Container] 2024/06/19 07:13:30.329743 Running command $(aws ecr get-login --no-include-email --region $AWS_DEFAULT_REGION --registry-ids 683313688378)
WARNING! Using --password via the CLI is insecure. Use --password-stdin.
WARNING! Your password will be stored unencrypted in /root/.docker/config.json.
Configure a credential helper to remove this warning. See
https://docs.docker.com/engine/reference/commandline/login/#credentials-store

Login Succeeded

[Container] 2024/06/19 07:13:30.887637 Running command $(aws ecr get-login --no-include-email --region $AWS_DEFAULT_REGION --registry-ids 520713654638)
WARNING! Using --password via the CLI is insecure. Use --password-stdin.
WARNING! Your password will be stored unencrypted in /root/.docker/config.json.
Configure a credential helper to remove this warning. See
https://docs.docker.com/engine/reference/commandline/login/#credentials-store

Login Succeeded

[Container] 2024/06/19 07:13:31.439178 Running command $(aws ecr get-login --no-include-email --region $AWS_DEFAULT_REGION --registry-ids 462105765813)
WARNING! Using --password via the CLI is insecure. Use --password-stdin.
WARNING! Your password will be stored unencrypted in /root/.docker/config.json.
Configure a credential helper to remove this warning. See
https://docs.docker.com/engine/reference/commandline/login/#credentials-store

Login Succeeded

[Container] 2024/06/19 07:13:31.993687 Phase complete: PRE_BUILD State: SUCCEEDED
[Container] 2024/06/19 07:13:31.993704 Phase context status code:  Message:
[Container] 2024/06/19 07:13:32.025199 Entering phase BUILD
[Container] 2024/06/19 07:13:32.025652 Running command echo Build started on `date`
Build started on Wed Jun 19 07:13:32 UTC 2024

[Container] 2024/06/19 07:13:32.033062 Running command echo Building the Docker image...
Building the Docker image...

[Container] 2024/06/19 07:13:32.037626 Running command docker build -t $IMAGE_REPO_NAME:$IMAGE_TAG . --file ./assets/03_protein-folding-and-design/docker/Dockerfile.alphafold
unable to prepare context: unable to evaluate symlinks in Dockerfile path: lstat /codebuild/output/src1092099300/src/assets: no such file or directory

[Container] 2024/06/19 07:13:32.055279 Command did not exit successfully docker build -t $IMAGE_REPO_NAME:$IMAGE_TAG . --file ./assets/03_protein-folding-and-design/docker/Dockerfile.alphafold exit status 1
[Container] 2024/06/19 07:13:32.058597 Phase complete: BUILD State: FAILED
[Container] 2024/06/19 07:13:32.058611 Phase context status code: COMMAND_EXECUTION_ERROR Message: Error while executing command: docker build -t $IMAGE_REPO_NAME:$IMAGE_TAG . --file ./assets/03_protein-folding-and-design/docker/Dockerfile.alphafold. Reason: exit status 1
[Container] 2024/06/19 07:13:32.099299 Entering phase POST_BUILD
[Container] 2024/06/19 07:13:32.099753 Running command echo Build completed on `date`
Build completed on Wed Jun 19 07:13:32 UTC 2024

[Container] 2024/06/19 07:13:32.105044 Running command echo Pushing the Docker image...
Pushing the Docker image...

[Container] 2024/06/19 07:13:32.109445 Running command docker push $AWS_ACCOUNT_ID.dkr.ecr.$AWS_DEFAULT_REGION.amazonaws.com/$IMAGE_REPO_NAME:$IMAGE_TAG
The push refers to repository [162074824184.dkr.ecr.us-west-2.amazonaws.com/sagemaker-studio-alphafold]
An image does not exist locally with the tag: 162074824184.dkr.ecr.us-west-2.amazonaws.com/sagemaker-studio-alphafold

[Container] 2024/06/19 07:13:32.129857 Command did not exit successfully docker push $AWS_ACCOUNT_ID.dkr.ecr.$AWS_DEFAULT_REGION.amazonaws.com/$IMAGE_REPO_NAME:$IMAGE_TAG exit status 1
[Container] 2024/06/19 07:13:32.133247 Phase complete: POST_BUILD State: FAILED
[Container] 2024/06/19 07:13:32.133262 Phase context status code: COMMAND_EXECUTION_ERROR Message: Error while executing command: docker push $AWS_ACCOUNT_ID.dkr.ecr.$AWS_DEFAULT_REGION.amazonaws.com/$IMAGE_REPO_NAME:$IMAGE_TAG. Reason: exit status 1
[Container] 2024/06/19 07:13:32.172903 Set report auto-discover timeout to 5 seconds
[Container] 2024/06/19 07:13:32.172960 Expanding base directory path:  .
[Container] 2024/06/19 07:13:32.174325 Assembling file list
[Container] 2024/06/19 07:13:32.174335 Expanding .
[Container] 2024/06/19 07:13:32.175759 Expanding file paths for base directory .
[Container] 2024/06/19 07:13:32.175771 Assembling file list
[Container] 2024/06/19 07:13:32.175774 Expanding **/*
[Container] 2024/06/19 07:13:32.179761 No matching auto-discover report paths found
[Container] 2024/06/19 07:13:32.179792 Report auto-discover file discovery took 0.006890 seconds
[Container] 2024/06/19 07:13:32.179814 Phase complete: UPLOAD_ARTIFACTS State: SUCCEEDED
[Container] 2024/06/19 07:13:32.179822 Phase context status code:  Message:

Image URI: 162074824184.dkr.ecr.us-west-2.amazonaws.com/sagemaker-studio-alphafold:v2.3.0
